<!DOCTYPE html PUBLIC "-//W3C//DTD XHTML 1.1//EN" "http://www.w3.org/TR/xhtml11/DTD/xhtml11.dtd">
<html xmlns="http://www.w3.org/1999/xhtml"><head><title>TestNG Report</title><style type="text/css">table {margin-bottom:10px;border-collapse:collapse;empty-cells:show}th,td {border:1px solid #009;padding:.25em .5em}th {vertical-align:bottom}td {vertical-align:top}table a {font-weight:bold}.stripe td {background-color: #E6EBF9}.num {text-align:right}.passedodd td {background-color: #3F3}.passedeven td {background-color: #0A0}.skippedodd td {background-color: #DDD}.skippedeven td {background-color: #CCC}.failedodd td,.attn {background-color: #F33}.failedeven td,.stripe .attn {background-color: #D00}.stacktrace {white-space:pre;font-family:monospace}.totop {font-size:85%;text-align:center;border-bottom:2px solid #000}</style></head><body><table><tr><th>Test</th><th># Passed</th><th># Skipped</th><th># Failed</th><th>Time (ms)</th><th>Included Groups</th><th>Excluded Groups</th></tr><tr><th colspan="7">Suite</th></tr><tr><td><a href="#t0">Mail</a></td><td class="num">1</td><td class="num">0</td><td class="num">0</td><td class="num">22,277</td><td></td><td></td></tr><tr><th colspan="7">Suite (1)</th></tr><tr class="stripe"><td><a href="#t1">Firefox Test4</a></td><td class="num">1</td><td class="num">0</td><td class="num">0</td><td class="num">75,644</td><td></td><td></td></tr><tr><td><a href="#t2">Firefox Test2</a></td><td class="num">0</td><td class="num">0</td><td class="num attn">1</td><td class="num">76,830</td><td></td><td></td></tr><tr class="stripe"><td><a href="#t3">Firefox Test1</a></td><td class="num">1</td><td class="num">0</td><td class="num">0</td><td class="num">288,961</td><td></td><td></td></tr><tr><td><a href="#t4">Firefox Test3</a></td><td class="num">1</td><td class="num">0</td><td class="num">0</td><td class="num">425,433</td><td></td><td></td></tr><tr><th colspan="7">Suite (0)</th></tr><tr class="stripe"><td><a href="#t5">Chrome Test1</a></td><td class="num">1</td><td class="num">0</td><td class="num">0</td><td class="num">85,166</td><td></td><td></td></tr><tr><td><a href="#t6">Chrome Test2</a></td><td class="num">0</td><td class="num">0</td><td class="num attn">1</td><td class="num">91,017</td><td></td><td></td></tr><tr class="stripe"><td><a href="#t7">Chrome Test4</a></td><td class="num">1</td><td class="num">0</td><td class="num">0</td><td class="num">102,152</td><td></td><td></td></tr><tr><td><a href="#t8">Chrome Test3</a></td><td class="num">1</td><td class="num">0</td><td class="num">0</td><td class="num">111,954</td><td></td><td></td></tr><tr><th>Total</th><th class="num">7</th><th class="num">0</th><th class="num attn">2</th><th class="num">1,279,434</th><th colspan="2"></th></tr></table><table><thead><tr><th>Class</th><th>Method</th><th>Start</th><th>Time (ms)</th></tr></thead><tbody><tr><th colspan="4">Suite</th></tr></tbody><tbody id="t0"><tr><th colspan="4">Mail &#8212; passed</th></tr><tr class="passedeven"><td rowspan="1">com.mst.selenium.mail.Mail_report</td><td><a href="#m0">send_report</a></td><td rowspan="1">1488533915264</td><td rowspan="1">22260</td></tr></tbody><tbody><tr><th colspan="4">Suite (1)</th></tr></tbody><tbody id="t1"><tr><th colspan="4">Firefox Test4 &#8212; passed</th></tr><tr class="passedeven"><td rowspan="1">com.mst.selenium.main.page.TestEngine</td><td><a href="#m1">leadTabVerification</a></td><td rowspan="1">1488533509714</td><td rowspan="1">55303</td></tr></tbody><tbody id="t2"><tr><th colspan="4">Firefox Test2 &#8212; failed</th></tr><tr class="failedeven"><td rowspan="1">com.mst.selenium.main.page.TestEngine</td><td><a href="#m2">accountCreation</a></td><td rowspan="1">1488533545422</td><td rowspan="1">20436</td></tr></tbody><tbody id="t3"><tr><th colspan="4">Firefox Test1 &#8212; passed</th></tr><tr class="passedeven"><td rowspan="1">com.mst.selenium.main.page.TestEngine</td><td><a href="#m3">leadCreation</a></td><td rowspan="1">1488533564511</td><td rowspan="1">152774</td></tr></tbody><tbody id="t4"><tr><th colspan="4">Firefox Test3 &#8212; passed</th></tr><tr class="passedeven"><td rowspan="1">com.mst.selenium.main.page.TestEngine</td><td><a href="#m4">contactCreation</a></td><td rowspan="1">1488533529297</td><td rowspan="1">384296</td></tr></tbody><tbody><tr><th colspan="4">Suite (0)</th></tr></tbody><tbody id="t5"><tr><th colspan="4">Chrome Test1 &#8212; passed</th></tr><tr class="passedeven"><td rowspan="1">com.mst.selenium.main.page.TestEngine</td><td><a href="#m5">leadCreation</a></td><td rowspan="1">1488533385706</td><td rowspan="1">74649</td></tr></tbody><tbody id="t6"><tr><th colspan="4">Chrome Test2 &#8212; failed</th></tr><tr class="failedeven"><td rowspan="1">com.mst.selenium.main.page.TestEngine</td><td><a href="#m6">accountCreation</a></td><td rowspan="1">1488533385661</td><td rowspan="1">80701</td></tr></tbody><tbody id="t7"><tr><th colspan="4">Chrome Test4 &#8212; passed</th></tr><tr class="passedeven"><td rowspan="1">com.mst.selenium.main.page.TestEngine</td><td><a href="#m7">leadTabVerification</a></td><td rowspan="1">1488533385652</td><td rowspan="1">92305</td></tr></tbody><tbody id="t8"><tr><th colspan="4">Chrome Test3 &#8212; passed</th></tr><tr class="passedeven"><td rowspan="1">com.mst.selenium.main.page.TestEngine</td><td><a href="#m8">contactCreation</a></td><td rowspan="1">1488533385871</td><td rowspan="1">101941</td></tr></tbody></table><h2>Mail</h2><h3 id="m0">com.mst.selenium.mail.Mail_report#send_report</h3><table class="result"></table><p class="totop"><a href="#summary">back to summary</a></p><h2>Firefox Test4</h2><h3 id="m1">com.mst.selenium.main.page.TestEngine#leadTabVerification</h3><table class="result"><tr class="param"><th>Parameter #1</th><th>Parameter #2</th><th>Parameter #3</th></tr><tr class="param stripe"><td>firefox</td><td>production</td><td>public void com.mst.selenium.main.page.TestEngine.leadTabVerification(java.lang.String,java.lang.String,java.lang.reflect.Method) throws java.lang.Exception</td></tr></table><p class="totop"><a href="#summary">back to summary</a></p><h2>Firefox Test2</h2><h3 id="m2">com.mst.selenium.main.page.TestEngine#accountCreation</h3><table class="result"><tr class="param"><th>Parameter #1</th><th>Parameter #2</th><th>Parameter #3</th></tr><tr class="param stripe"><td>firefox</td><td>production</td><td>public void com.mst.selenium.main.page.TestEngine.accountCreation(java.lang.String,java.lang.String,java.lang.reflect.Method) throws java.lang.Exception</td></tr><tr><th colspan="3">Exception</th></tr><tr><td colspan="3"><div class="stacktrace">org.openqa.selenium.TimeoutException: Timed out after 15 seconds waiting for presence of element located by: By.id: Account_Tab
Build info: version: &apos;2.53.1&apos;, revision: &apos;a36b8b1&apos;, time: &apos;2016-06-30 17:32:46&apos;
System info: host: &apos;MSTEMP188SOPHIYA&apos;, ip: &apos;192.168.174.1&apos;, os.name: &apos;Windows 8.1&apos;, os.arch: &apos;amd64&apos;, os.version: &apos;6.3&apos;, java.version: &apos;1.8.0_102&apos;
Driver info: org.openqa.selenium.firefox.FirefoxDriver
Capabilities [{applicationCacheEnabled=true, rotatable=false, handlesAlerts=true, databaseEnabled=true, version=46.0.1, platform=WINDOWS, nativeEvents=false, acceptSslCerts=true, webStorageEnabled=true, locationContextEnabled=true, browserName=firefox, takesScreenshot=true, javascriptEnabled=true, cssSelectorsEnabled=true}]
Session ID: a3c08709-9d48-4e0d-8173-fc789391bdec
	at org.openqa.selenium.support.ui.WebDriverWait.timeoutException(WebDriverWait.java:80)
	at org.openqa.selenium.support.ui.FluentWait.until(FluentWait.java:261)
	at com.mst.selenium.common.Common.presenceOfElement(Common.java:26)
	at com.mst.selenium.page.Login_page.performLoginAction(Login_page.java:56)
	at com.mst.selenium.main.page.TestEngine.accountCreation(TestEngine.java:73)
	at java.util.concurrent.FutureTask.run(Unknown Source)
	at java.util.concurrent.ThreadPoolExecutor.runWorker(Unknown Source)
	at java.util.concurrent.ThreadPoolExecutor$Worker.run(Unknown Source)
	at java.lang.Thread.run(Unknown Source)
Caused by: org.openqa.selenium.NoSuchElementException: Unable to locate element: {&quot;method&quot;:&quot;id&quot;,&quot;selector&quot;:&quot;Account_Tab&quot;}
Command duration or timeout: 11.03 seconds
For documentation on this error, please visit: http://seleniumhq.org/exceptions/no_such_element.html
Build info: version: &apos;2.53.1&apos;, revision: &apos;a36b8b1&apos;, time: &apos;2016-06-30 17:32:46&apos;
System info: host: &apos;MSTEMP188SOPHIYA&apos;, ip: &apos;192.168.174.1&apos;, os.name: &apos;Windows 8.1&apos;, os.arch: &apos;amd64&apos;, os.version: &apos;6.3&apos;, java.version: &apos;1.8.0_102&apos;
Driver info: org.openqa.selenium.firefox.FirefoxDriver
Capabilities [{applicationCacheEnabled=true, rotatable=false, handlesAlerts=true, databaseEnabled=true, version=46.0.1, platform=WINDOWS, nativeEvents=false, acceptSslCerts=true, webStorageEnabled=true, locationContextEnabled=true, browserName=firefox, takesScreenshot=true, javascriptEnabled=true, cssSelectorsEnabled=true}]
Session ID: a3c08709-9d48-4e0d-8173-fc789391bdec
*** Element info: {Using=id, value=Account_Tab}
	at org.openqa.selenium.remote.ErrorHandler.createThrowable(ErrorHandler.java:206)
	at org.openqa.selenium.remote.ErrorHandler.throwIfResponseFailed(ErrorHandler.java:158)
	at org.openqa.selenium.remote.RemoteWebDriver.execute(RemoteWebDriver.java:678)
	at org.openqa.selenium.remote.RemoteWebDriver.findElement(RemoteWebDriver.java:363)
	at org.openqa.selenium.remote.RemoteWebDriver.findElementById(RemoteWebDriver.java:413)
	at org.openqa.selenium.By$ById.findElement(By.java:218)
	at org.openqa.selenium.remote.RemoteWebDriver.findElement(RemoteWebDriver.java:355)
	at org.openqa.selenium.support.ui.ExpectedConditions.findElement(ExpectedConditions.java:899)
	at org.openqa.selenium.support.ui.ExpectedConditions.access$0(ExpectedConditions.java:897)
	at org.openqa.selenium.support.ui.ExpectedConditions$6.apply(ExpectedConditions.java:181)
	at org.openqa.selenium.support.ui.ExpectedConditions$6.apply(ExpectedConditions.java:1)
	at org.openqa.selenium.support.ui.FluentWait.until(FluentWait.java:238)
	... 23 more
Caused by: org.openqa.selenium.NoSuchElementException: Unable to locate element: {&quot;method&quot;:&quot;id&quot;,&quot;selector&quot;:&quot;Account_Tab&quot;}
For documentation on this error, please visit: http://seleniumhq.org/exceptions/no_such_element.html
Build info: version: &apos;2.53.1&apos;, revision: &apos;a36b8b1&apos;, time: &apos;2016-06-30 17:32:46&apos;
System info: host: &apos;MSTEMP188SOPHIYA&apos;, ip: &apos;192.168.174.1&apos;, os.name: &apos;Windows 8.1&apos;, os.arch: &apos;amd64&apos;, os.version: &apos;6.3&apos;, java.version: &apos;1.8.0_102&apos;
Driver info: driver.version: unknown
	at &lt;anonymous class&gt;.FirefoxDriver.prototype.findElementInternal_(file:///C:/Users/MSTCON~1/AppData/Local/Temp/anonymous4545480464221858232webdriver-profile/extensions/fxdriver@googlecode.com/components/driver-component.js:10770)
	at &lt;anonymous class&gt;.FirefoxDriver.prototype.findElement(file:///C:/Users/MSTCON~1/AppData/Local/Temp/anonymous4545480464221858232webdriver-profile/extensions/fxdriver@googlecode.com/components/driver-component.js:10779)
	at &lt;anonymous class&gt;.DelayedCommand.prototype.executeInternal_/h(file:///C:/Users/MSTCON~1/AppData/Local/Temp/anonymous4545480464221858232webdriver-profile/extensions/fxdriver@googlecode.com/components/command-processor.js:12661)
	at &lt;anonymous class&gt;.DelayedCommand.prototype.executeInternal_(file:///C:/Users/MSTCON~1/AppData/Local/Temp/anonymous4545480464221858232webdriver-profile/extensions/fxdriver@googlecode.com/components/command-processor.js:12666)
	at &lt;anonymous class&gt;.DelayedCommand.prototype.execute/&lt;(file:///C:/Users/MSTCON~1/AppData/Local/Temp/anonymous4545480464221858232webdriver-profile/extensions/fxdriver@googlecode.com/components/command-processor.js:12608)
... Removed 20 stack frames</div></td></tr></table><p class="totop"><a href="#summary">back to summary</a></p><h2>Firefox Test1</h2><h3 id="m3">com.mst.selenium.main.page.TestEngine#leadCreation</h3><table class="result"><tr class="param"><th>Parameter #1</th><th>Parameter #2</th><th>Parameter #3</th></tr><tr class="param stripe"><td>firefox</td><td>production</td><td>public void com.mst.selenium.main.page.TestEngine.leadCreation(java.lang.String,java.lang.String,java.lang.reflect.Method) throws java.lang.Exception</td></tr></table><p class="totop"><a href="#summary">back to summary</a></p><h2>Firefox Test3</h2><h3 id="m4">com.mst.selenium.main.page.TestEngine#contactCreation</h3><table class="result"><tr class="param"><th>Parameter #1</th><th>Parameter #2</th><th>Parameter #3</th></tr><tr class="param stripe"><td>firefox</td><td>production</td><td>public void com.mst.selenium.main.page.TestEngine.contactCreation(java.lang.String,java.lang.String,java.lang.reflect.Method) throws java.lang.Exception</td></tr></table><p class="totop"><a href="#summary">back to summary</a></p><h2>Chrome Test1</h2><h3 id="m5">com.mst.selenium.main.page.TestEngine#leadCreation</h3><table class="result"><tr class="param"><th>Parameter #1</th><th>Parameter #2</th><th>Parameter #3</th></tr><tr class="param stripe"><td>chrome</td><td>production</td><td>public void com.mst.selenium.main.page.TestEngine.leadCreation(java.lang.String,java.lang.String,java.lang.reflect.Method) throws java.lang.Exception</td></tr></table><p class="totop"><a href="#summary">back to summary</a></p><h2>Chrome Test2</h2><h3 id="m6">com.mst.selenium.main.page.TestEngine#accountCreation</h3><table class="result"><tr class="param"><th>Parameter #1</th><th>Parameter #2</th><th>Parameter #3</th></tr><tr class="param stripe"><td>chrome</td><td>production</td><td>public void com.mst.selenium.main.page.TestEngine.accountCreation(java.lang.String,java.lang.String,java.lang.reflect.Method) throws java.lang.Exception</td></tr><tr><th colspan="3">Exception</th></tr><tr><td colspan="3"><div class="stacktrace">com.mst.selenium.exception.CustomException: The value Edge Communicationsis not matched with the given value Edge Communication
	at com.mst.selenium.page.AccountPage.parentAccountVerify(AccountPage.java:81)
	at com.mst.selenium.main.page.TestEngine.accountCreation(TestEngine.java:91)
	at java.util.concurrent.FutureTask.run(Unknown Source)
	at java.util.concurrent.ThreadPoolExecutor.runWorker(Unknown Source)
	at java.util.concurrent.ThreadPoolExecutor$Worker.run(Unknown Source)
	at java.lang.Thread.run(Unknown Source)
... Removed 16 stack frames</div></td></tr></table><p class="totop"><a href="#summary">back to summary</a></p><h2>Chrome Test4</h2><h3 id="m7">com.mst.selenium.main.page.TestEngine#leadTabVerification</h3><table class="result"><tr class="param"><th>Parameter #1</th><th>Parameter #2</th><th>Parameter #3</th></tr><tr class="param stripe"><td>chrome</td><td>production</td><td>public void com.mst.selenium.main.page.TestEngine.leadTabVerification(java.lang.String,java.lang.String,java.lang.reflect.Method) throws java.lang.Exception</td></tr></table><p class="totop"><a href="#summary">back to summary</a></p><h2>Chrome Test3</h2><h3 id="m8">com.mst.selenium.main.page.TestEngine#contactCreation</h3><table class="result"><tr class="param"><th>Parameter #1</th><th>Parameter #2</th><th>Parameter #3</th></tr><tr class="param stripe"><td>chrome</td><td>production</td><td>public void com.mst.selenium.main.page.TestEngine.contactCreation(java.lang.String,java.lang.String,java.lang.reflect.Method) throws java.lang.Exception</td></tr></table><p class="totop"><a href="#summary">back to summary</a></p></body></html>