<?xml version="1.0" encoding="UTF-8"?>
<!-- Generated by org.testng.reporters.JUnitXMLReporter -->
<testsuite hostname="Ashok" name="Chrome Test2" tests="1" failures="1" timestamp="3 Mar 2017 17:14:40 GMT" time="40.139" errors="0">
  <testcase name="accountCreation" time="33.876" classname="com.mst.selenium.main.page.TestEngine">
    <failure type="com.mst.selenium.exception.CustomException" message="The value Edge Communicationsis not matched with the given value Edge Communication">
      <![CDATA[com.mst.selenium.exception.CustomException: The value Edge Communicationsis not matched with the given value Edge Communication
	at com.mst.selenium.page.AccountPage.parentAccountVerify(AccountPage.java:81)
	at com.mst.selenium.main.page.TestEngine.accountCreation(TestEngine.java:91)
	at java.util.concurrent.FutureTask.run(Unknown Source)
	at java.util.concurrent.ThreadPoolExecutor.runWorker(Unknown Source)
	at java.util.concurrent.ThreadPoolExecutor$Worker.run(Unknown Source)
	at java.lang.Thread.run(Unknown Source)
... Removed 16 stack frames]]>
    </failure>
  </testcase> <!-- accountCreation -->
</testsuite> <!-- Chrome Test2 -->
