<?xml version="1.0" encoding="UTF-8"?>
<!-- Generated by org.testng.reporters.JUnitXMLReporter -->
<testsuite hostname="Ashok" name="Firefox Test2" tests="1" failures="0" timestamp="3 Mar 2017 01:30:46 GMT" time="0.044" errors="0">
  <testcase name="@BeforeMethod getBrowser" time="0.0" classname="com.mst.selenium.main.page.TestEngine">
    <failure type="org.testng.TestNGException" message="
Method getBrowser requires 2 parameters but 2 were supplied in the @Configuration annotation.">
      <![CDATA[org.testng.TestNGException: 
Method getBrowser requires 2 parameters but 2 were supplied in the @Configuration annotation.
	at java.util.concurrent.FutureTask.run(Unknown Source)
	at java.util.concurrent.ThreadPoolExecutor.runWorker(Unknown Source)
	at java.util.concurrent.ThreadPoolExecutor$Worker.run(Unknown Source)
	at java.lang.Thread.run(Unknown Source)
... Removed 16 stack frames]]>
    </failure>
  </testcase> <!-- @BeforeMethod getBrowser -->
  <testcase name="@AfterMethod tearDown" time="0.0" classname="com.mst.selenium.main.page.TestEngine">
    <skipped/>
  </testcase> <!-- @AfterMethod tearDown -->
  <testcase name="accountCreation" time="0.01" classname="com.mst.selenium.main.page.TestEngine">
    <skipped/>
  </testcase> <!-- accountCreation -->
</testsuite> <!-- Firefox Test2 -->
